<?xml version="1.1" encoding="UTF-8"?>
<testsuite name="UFTest" tests="3" failures="0" errors="0" timestamp="1970-01-01T00:00:00" hostname="Gokulvanans-MacBook-Air.local" time="1.392547696257E9">
  <properties/>
  <testcase name="testQuickFind" classname="UFTest" time="0.024"/>
  <testcase name="testQuickUnion" classname="UFTest" time="0.0"/>
  <testcase name="testQuickUnionEnhanced" classname="UFTest" time="0.0"/>
  <system-out><![CDATA[ In QuickFind test case
 Time to perform 1000 union opeartions
 In QuickUnion test case
 In QuickUnionEnhanced test case
]]></system-out>
  <system-err><![CDATA[]]></system-err>
</testsuite>
