<?xml version="1.0" encoding="UTF-8"?>
<!-- Generated by org.testng.reporters.JUnitReportReporter -->
<testsuite hostname="gokul-km" name="org.learning.jmock.AppTest" tests="2" failures="0" timestamp="28 Jan 2014 08:26:14 GMT" time="0.015" errors="0">
  <testcase name="testCase1" time="0.001" classname="org.learning.jmock.AppTest"/>
  <testcase name="setupMocks" time="0.014" classname="org.learning.jmock.AppTest"/>
</testsuite> <!-- org.learning.jmock.AppTest -->
